Numeric_Literals
================

main.adb:4:11: rule violation: numeric literal

Others_In_Case_Statements
=========================

main.adb:11:12: rule violation: OTHERS choice in case statement

Membership_Tests
================

main.adb:17:10: rule violation: membership test

Invalid type
============

gnatcheck: error: invalid parameter for rule "membership_tests": 'float_types_only' value should be a boolean (invalid_type.lkql)
gnatcheck: error: no rule to check specified
try "gnatcheck --help" for more information.
>>>program returned status code 2
