test_downwardconv.adb:20:22: error: Downward_View_Conversions - rule violation
20 |          Var : T2 := T2 (X);                   --  FLAG
   |                      ^^^^^^ 

test_downwardconv.adb:22:17: error: Downward_View_Conversions - rule violation
22 |          Proc2 (T2'Class (X));                 --  FLAG
   |                 ^^^^^^^^^^^^ 

